<?xml version="1.0" encoding="UTF-8"?>
<!-- Generated by org.testng.reporters.JUnitReportReporter -->
<testsuite hostname="DESKTOP-7D7SDGE" failures="0" tests="1" name="runner.CucumberRunner" time="0.143" errors="1" timestamp="2024-06-24T20:03:58 IST" skipped="0">
  <testcase classname="runner.CucumberRunner" name="runScenario" time="0.143">
    <error message="Cannot invoke &quot;org.openqa.selenium.chrome.ChromeDriver.findElement(org.openqa.selenium.By)&quot; because &quot;stepscreateWTG.Login.driver&quot; is null" type="java.lang.NullPointerException">
      <![CDATA[java.lang.NullPointerException: Cannot invoke "org.openqa.selenium.chrome.ChromeDriver.findElement(org.openqa.selenium.By)" because "stepscreateWTG.Login.driver" is null
at stepscreateWTG.Login.login_to_salesforce(Login.java:14)
at ✽.Login to salesforce(file:///C:/Users/DELL/git/Salesforce/SalesForce/src/test/java/features/CreateWorkTypeGroup.feature:4)
]]>
    </error>
  </testcase> <!-- runScenario -->
  <system-out/>
</testsuite> <!-- runner.CucumberRunner -->
