<?xml version="1.0" encoding="UTF-8"?>
<testng-results ignored="0" total="1" passed="0" failed="1" skipped="0">
  <reporter-output>
  </reporter-output>
  <suite started-at="2024-06-24T20:03:54 IST" name="Default suite" finished-at="2024-06-24T20:03:58 IST" duration-ms="4153">
    <groups>
      <group name="cucumber">
        <method signature="AbstractTestNGCucumberTests.runScenario(io.cucumber.testng.PickleWrapper,io.cucumber.testng.FeatureWrapper)[pri:0, instance:runner.CucumberRunner@25ce9dc4]" name="runScenario" class="io.cucumber.testng.AbstractTestNGCucumberTests"/>
      </group> <!-- cucumber -->
    </groups>
    <test started-at="2024-06-24T20:03:54 IST" name="Default test" finished-at="2024-06-24T20:03:58 IST" duration-ms="4153">
      <class name="runner.CucumberRunner">
        <test-method is-config="true" signature="setUpClass(org.testng.ITestContext)[pri:0, instance:runner.CucumberRunner@25ce9dc4]" started-at="2024-06-24T20:03:54 IST" name="setUpClass" finished-at="2024-06-24T20:03:55 IST" duration-ms="655" status="PASS">
          <params>
            <param index="0">
              <value>
                <![CDATA[org.testng.TestRunner@8a98f38]]>
              </value>
            </param>
          </params>
          <reporter-output>
          </reporter-output>
        </test-method> <!-- setUpClass -->
        <test-method signature="runScenario(io.cucumber.testng.PickleWrapper,io.cucumber.testng.FeatureWrapper)[pri:0, instance:runner.CucumberRunner@25ce9dc4]" started-at="2024-06-24T20:03:55 IST" name="runScenario" description="Runs Cucumber Scenarios" data-provider="scenarios" finished-at="2024-06-24T20:03:55 IST" duration-ms="143" status="FAIL">
          <params>
            <param index="0">
              <value>
                <![CDATA["Create Work type Group"]]>
              </value>
            </param>
            <param index="1">
              <value>
                <![CDATA["WorkTypeGroup in Sales force"]]>
              </value>
            </param>
          </params>
          <exception class="java.lang.NullPointerException">
            <message>
              <![CDATA[Cannot invoke "org.openqa.selenium.chrome.ChromeDriver.findElement(org.openqa.selenium.By)" because "stepscreateWTG.Login.driver" is null]]>
            </message>
            <full-stacktrace>
              <![CDATA[java.lang.NullPointerException: Cannot invoke "org.openqa.selenium.chrome.ChromeDriver.findElement(org.openqa.selenium.By)" because "stepscreateWTG.Login.driver" is null
at stepscreateWTG.Login.login_to_salesforce(Login.java:14)
at ✽.Login to salesforce(file:///C:/Users/DELL/git/Salesforce/SalesForce/src/test/java/features/CreateWorkTypeGroup.feature:4)
]]>
            </full-stacktrace>
          </exception> <!-- java.lang.NullPointerException -->
          <reporter-output>
          </reporter-output>
        </test-method> <!-- runScenario -->
        <test-method is-config="true" signature="tearDownClass()[pri:0, instance:runner.CucumberRunner@25ce9dc4]" started-at="2024-06-24T20:03:55 IST" name="tearDownClass" finished-at="2024-06-24T20:03:58 IST" duration-ms="3311" status="PASS">
          <reporter-output>
          </reporter-output>
        </test-method> <!-- tearDownClass -->
      </class> <!-- runner.CucumberRunner -->
    </test> <!-- Default test -->
  </suite> <!-- Default suite -->
</testng-results>
