<?xml version="1.0" encoding="UTF-8"?>
<!-- Generated by org.testng.reporters.JUnitXMLReporter -->
<testsuite ignored="0" hostname="DESKTOP-7D7SDGE" failures="1" tests="1" name="Default test" time="37.765" errors="0" timestamp="2024-06-21T23:41:06 IST">
  <testcase classname="io.cucumber.testng.AbstractTestNGCucumberTests" name="runScenario" time="34.711">
    <failure type="java.lang.AssertionError" message="expected [true] but found [false]">
      <![CDATA[java.lang.AssertionError: expected [true] but found [false]
at org.testng.Assert.fail(Assert.java:99)
at org.testng.Assert.failNotEquals(Assert.java:1037)
at org.testng.Assert.assertTrue(Assert.java:45)
at org.testng.Assert.assertTrue(Assert.java:55)
at stepscreateWTG.WorkTypeGroup.verify_work_type_group_name(WorkTypeGroup.java:40)
at ✽.Verify Work Type Group Name(file:///C:/Users/DELL/git/Salesforce/SalesForce/src/test/java/features/CreateWorkTypeGroup.feature:11)
]]>
    </failure>
  </testcase> <!-- runScenario -->
</testsuite> <!-- Default test -->
